<?xml version="1.0" encoding="UTF-8"?>
<!-- Generated by org.testng.reporters.JUnitReportReporter -->
<testsuite hostname="lajirs-mbp" name="org.pom.TestCaller" tests="1" failures="0" timestamp="26 Oct 2015 16:45:53 GMT" time="0.010" errors="0">
  <testcase name="TestMethod2" time="0.010" classname="org.pom.TestCaller"/>
</testsuite> <!-- org.pom.TestCaller -->
